********************************************************************************
DUPLICATOR-LITE PACKAGE-LOG: August 24, 2018 4:02 pm
NOTICE: Do NOT post to public sites or forums 
********************************************************************************
VERSION:	1.2.40
WORDPRESS:	4.9.8
PHP INFO:	7.2.1 | SAPI: apache2handler
SERVER:		Apache/2.2.31 (Win32) DAV/2 mod_ssl/2.2.31 OpenSSL/1.0.2h mod_fcgid/2.3.9 mod_wsgi/3.4 Python/2.7.6 PHP/7.2.1 mod_perl/2.0.8 Perl/v5.16.3 
PHP TIME LIMIT: (0) no time limit imposed 
PHP MAX MEMORY: 2048M (256M default) 
MEMORY STACK: 4MB 

********************************************************************************
DATABASE:
********************************************************************************
BUILD MODE:   PHP(query limit - 100)
MYSQLTIMEOUT: 5000
MYSQLDUMP:    Not Supported 
TABLES: total:13 | filtered:0 | create:13 
FILTERED: [] 
SQL CREATED: 20180824_pazromeroweb_7b596b25f253fcea5682180824160206_database.sql 
SQL FILE SIZE: 594.75KB (609023) 
SQL FILE TIME: 2018-08-24 16:02:34 
SQL RUNTIME: 0.13 sec. 

******************************************************************************** 
ARCHIVE (ZIP): 
******************************************************************************** 
ARCHIVE DIR:  C:/Paz/Curso FrontEnd/2018/PROYECTO FINAL/Paginaweb_wp/PRweb_wp 
ARCHIVE FILE: 20180824_pazromeroweb_7b596b25f253fcea5682180824160206_archive.zip 
FILTERS: *OFF* 
DIRS:
	not set 
FILES:
	not set 
EXTS:  not set 
---------------------------------------- 
COMPRESSING 
SIZE:	64.03MB 
STATS:	Dirs 390 | Files 3,183 
SQL ADDED: 20180824_pazromeroweb_7b596b25f253fcea5682180824160206_database.sql 
ZipArchive Object
(
    [status] => 0
    [statusSys] => 0
    [numFiles] => 3573
    [filename] => C:\Paz\Curso FrontEnd\2018\PROYECTO FINAL\Paginaweb_wp\PRweb_wp\wp-snapshots\tmp\20180824_pazromeroweb_7b596b25f253fcea5682180824160206_archive.zip
    [comment] => 
)
 
COMPRESSION RESULT: '1' 
COMPRESSED SIZE: 26.35MB 
ARCHIVE RUNTIME: 44.08 sec. 
MEMORY STACK: 6MB 

******************************************************************************** 
MAKE INSTALLER: 
******************************************************************************** 
Build Start 
Build Finished 
Preping for use 
PACK SIZE:  
Template parsed with new data 
Complete [C:/Paz/Curso FrontEnd/2018/PROYECTO FINAL/Paginaweb_wp/PRweb_wp/wp-snapshots/tmp/20180824_pazromeroweb_7b596b25f253fcea5682180824160206_installer.php] 
Added to archive 

******************************************************************************** 
INTEGRITY CHECKS: 
******************************************************************************** 
SQL File: 594.75KB 
Installer File: 445.91KB 
Archive File: 26.35MB  

********************************************************************************
RECORD ID:[1]
TOTAL PROCESS RUNTIME: 51.28 sec.
PEAK PHP MEMORY USED: 6MB
DONE PROCESSING => 20180824_pazromeroweb August 24, 2018 4:03 pm
 
